F:\PTC_ME\MY PROJECTS\VS\C++\STL\STLALL\STLALL\DEBUG\MAIN.OBJ
F:\PTC_ME\MY PROJECTS\VS\C++\STL\STLALL\STLALL\DEBUG\LISTEXAMPLE.OBJ
F:\PTC_ME\MY PROJECTS\VS\C++\STL\STLALL\STLALL\DEBUG\VC110.PDB
F:\PTC_ME\MY PROJECTS\VS\C++\STL\STLALL\STLALL\DEBUG\VECTOREXAMPLE.OBJ
F:\PTC_Me\My Projects\VS\C++\STL\STLAll\STLAll\Debug\listexample.obj
F:\PTC_Me\My Projects\VS\C++\STL\STLAll\STLAll\Debug\main.obj
F:\PTC_Me\My Projects\VS\C++\STL\STLAll\STLAll\Debug\vectorexample.obj
F:\PTC_Me\My Projects\VS\C++\STL\STLAll\STLAll\Debug\cl.command.1.tlog
F:\PTC_Me\My Projects\VS\C++\STL\STLAll\STLAll\Debug\CL.read.1.tlog
F:\PTC_Me\My Projects\VS\C++\STL\STLAll\STLAll\Debug\CL.write.1.tlog
F:\PTC_Me\My Projects\VS\C++\STL\STLAll\STLAll\Debug\link-cvtres.read.1.tlog
F:\PTC_Me\My Projects\VS\C++\STL\STLAll\STLAll\Debug\link-cvtres.write.1.tlog
F:\PTC_Me\My Projects\VS\C++\STL\STLAll\STLAll\Debug\link-rc.read.1.tlog
F:\PTC_Me\My Projects\VS\C++\STL\STLAll\STLAll\Debug\link-rc.write.1.tlog
F:\PTC_Me\My Projects\VS\C++\STL\STLAll\STLAll\Debug\link.10880-cvtres.read.1.tlog
F:\PTC_Me\My Projects\VS\C++\STL\STLAll\STLAll\Debug\link.10880-cvtres.write.1.tlog
F:\PTC_Me\My Projects\VS\C++\STL\STLAll\STLAll\Debug\link.10880-rc.read.1.tlog
F:\PTC_Me\My Projects\VS\C++\STL\STLAll\STLAll\Debug\link.10880-rc.write.1.tlog
F:\PTC_Me\My Projects\VS\C++\STL\STLAll\STLAll\Debug\link.10880.read.1.tlog
F:\PTC_Me\My Projects\VS\C++\STL\STLAll\STLAll\Debug\link.10880.write.1.tlog
F:\PTC_Me\My Projects\VS\C++\STL\STLAll\STLAll\Debug\link.14688-cvtres.read.1.tlog
F:\PTC_Me\My Projects\VS\C++\STL\STLAll\STLAll\Debug\link.14688-cvtres.write.1.tlog
F:\PTC_Me\My Projects\VS\C++\STL\STLAll\STLAll\Debug\link.14688-rc.read.1.tlog
F:\PTC_Me\My Projects\VS\C++\STL\STLAll\STLAll\Debug\link.14688-rc.write.1.tlog
F:\PTC_Me\My Projects\VS\C++\STL\STLAll\STLAll\Debug\link.14688.read.1.tlog
F:\PTC_Me\My Projects\VS\C++\STL\STLAll\STLAll\Debug\link.14688.write.1.tlog
F:\PTC_Me\My Projects\VS\C++\STL\STLAll\STLAll\Debug\link.16552-cvtres.read.1.tlog
F:\PTC_Me\My Projects\VS\C++\STL\STLAll\STLAll\Debug\link.16552-cvtres.write.1.tlog
F:\PTC_Me\My Projects\VS\C++\STL\STLAll\STLAll\Debug\link.16552-rc.read.1.tlog
F:\PTC_Me\My Projects\VS\C++\STL\STLAll\STLAll\Debug\link.16552-rc.write.1.tlog
F:\PTC_Me\My Projects\VS\C++\STL\STLAll\STLAll\Debug\link.16552.read.1.tlog
F:\PTC_Me\My Projects\VS\C++\STL\STLAll\STLAll\Debug\link.16552.write.1.tlog
F:\PTC_Me\My Projects\VS\C++\STL\STLAll\STLAll\Debug\link.33680-cvtres.read.1.tlog
F:\PTC_Me\My Projects\VS\C++\STL\STLAll\STLAll\Debug\link.33680-cvtres.write.1.tlog
F:\PTC_Me\My Projects\VS\C++\STL\STLAll\STLAll\Debug\link.33680-rc.read.1.tlog
F:\PTC_Me\My Projects\VS\C++\STL\STLAll\STLAll\Debug\link.33680-rc.write.1.tlog
F:\PTC_Me\My Projects\VS\C++\STL\STLAll\STLAll\Debug\link.33680.read.1.tlog
F:\PTC_Me\My Projects\VS\C++\STL\STLAll\STLAll\Debug\link.33680.write.1.tlog
F:\PTC_Me\My Projects\VS\C++\STL\STLAll\STLAll\Debug\link.37480-cvtres.read.1.tlog
F:\PTC_Me\My Projects\VS\C++\STL\STLAll\STLAll\Debug\link.37480-cvtres.write.1.tlog
F:\PTC_Me\My Projects\VS\C++\STL\STLAll\STLAll\Debug\link.37480-rc.read.1.tlog
F:\PTC_Me\My Projects\VS\C++\STL\STLAll\STLAll\Debug\link.37480-rc.write.1.tlog
F:\PTC_Me\My Projects\VS\C++\STL\STLAll\STLAll\Debug\link.37480.read.1.tlog
F:\PTC_Me\My Projects\VS\C++\STL\STLAll\STLAll\Debug\link.37480.write.1.tlog
F:\PTC_Me\My Projects\VS\C++\STL\STLAll\STLAll\Debug\link.5404-cvtres.read.1.tlog
F:\PTC_Me\My Projects\VS\C++\STL\STLAll\STLAll\Debug\link.5404-cvtres.write.1.tlog
F:\PTC_Me\My Projects\VS\C++\STL\STLAll\STLAll\Debug\link.5404-rc.read.1.tlog
F:\PTC_Me\My Projects\VS\C++\STL\STLAll\STLAll\Debug\link.5404-rc.write.1.tlog
F:\PTC_Me\My Projects\VS\C++\STL\STLAll\STLAll\Debug\link.5404.read.1.tlog
F:\PTC_Me\My Projects\VS\C++\STL\STLAll\STLAll\Debug\link.5404.write.1.tlog
F:\PTC_Me\My Projects\VS\C++\STL\STLAll\STLAll\Debug\link.command.1.tlog
F:\PTC_Me\My Projects\VS\C++\STL\STLAll\STLAll\Debug\link.read.1.tlog
F:\PTC_Me\My Projects\VS\C++\STL\STLAll\STLAll\Debug\link.write.1.tlog
F:\PTC_Me\My Projects\VS\C++\STL\STLAll\STLAll\Debug\vc110.idb
F:\PTC_Me\My Projects\VS\C++\STL\STLAll\STLAll\Debug\vc110.pdb
F:\PTC_Me\My Projects\VS\C++\STL\STLAll\Debug\STLAll.pdb
F:\PTC_Me\My Projects\VS\C++\STL\STLAll\Debug\STLAll.exe
F:\PTC_Me\My Projects\VS\C++\STL\STLAll\Debug\STLAll.ilk
